Aug 28 09:18:40.809 [INFO] Reading testsuite.yml
Aug 28 09:18:40.812 [INFO] Parsing testsuite testsuite.yml : map[__Len__:1 __Type__:Map url:http://localhost:8080 venom.datetime:2024-08-28T09:18:40+03:00 venom.testsuite:APIIntegrationTest venom.testsuite.filename:testsuite.yml venom.testsuite.filepath:testsuite.yml venom.testsuite.name:APIIntegrationTest venom.testsuite.shortName:testsuite venom.testsuite.workdir:/home/damaris/CV_project/api venom.timestamp:1724825920]
Aug 28 09:18:40.823 [DEBU] Testsuite (testsuite.yml) variables: map[__Len__:1 __Type__:Map url:http://localhost:8080 venom.datetime:2024-08-28T09:18:40+03:00 venom.testsuite:APIIntegrationTest venom.testsuite.filename:testsuite.yml venom.testsuite.filepath:testsuite.yml venom.testsuite.name:APIIntegrationTest venom.testsuite.shortName:testsuite venom.testsuite.workdir:/home/damaris/CV_project/api venom.timestamp:1724825920]
Aug 28 09:18:40.823 [DEBU] nb testsuites: 1
Aug 28 09:18:40.823 [INFO] [APIIntegrationTest] Starting testsuite
Aug 28 09:18:40.823 [INFO] [APIIntegrationTest] [GetUsers] Starting testcase
Aug 28 09:18:40.823 [DEBU] [APIIntegrationTest] [GetUsers] Running testcase with variable venom.testsuite.shortName: testsuite
Aug 28 09:18:40.823 [DEBU] [APIIntegrationTest] [GetUsers] Running testcase with variable venom.testsuite.filepath: testsuite.yml
Aug 28 09:18:40.823 [DEBU] [APIIntegrationTest] [GetUsers] Running testcase with variable __Type__: Map
Aug 28 09:18:40.823 [DEBU] [APIIntegrationTest] [GetUsers] Running testcase with variable venom.timestamp: 1724825920
Aug 28 09:18:40.823 [DEBU] [APIIntegrationTest] [GetUsers] Running testcase with variable __Len__: 11
Aug 28 09:18:40.823 [DEBU] [APIIntegrationTest] [GetUsers] Running testcase with variable venom.datetime: 2024-08-28T09:18:40+03:00
Aug 28 09:18:40.823 [DEBU] [APIIntegrationTest] [GetUsers] Running testcase with variable venom.testsuite: APIIntegrationTest
Aug 28 09:18:40.823 [DEBU] [APIIntegrationTest] [GetUsers] Running testcase with variable venom.testsuite.workdir: /home/damaris/CV_project/api
Aug 28 09:18:40.823 [DEBU] [APIIntegrationTest] [GetUsers] Running testcase with variable venom.outputdir: 
Aug 28 09:18:40.823 [DEBU] [APIIntegrationTest] [GetUsers] Running testcase with variable venom.executable: /usr/local/bin/venom
Aug 28 09:18:40.823 [DEBU] [APIIntegrationTest] [GetUsers] Running testcase with variable venom.libdir: 
Aug 28 09:18:40.823 [DEBU] [APIIntegrationTest] [GetUsers] Running testcase with variable url: http://localhost:8080
Aug 28 09:18:40.823 [DEBU] [APIIntegrationTest] [GetUsers] Running testcase with variable venom.testcase: GetUsers
Aug 28 09:18:40.823 [DEBU] [APIIntegrationTest] [GetUsers] Running testcase with variable venom.testsuite.name: APIIntegrationTest
Aug 28 09:18:40.823 [DEBU] [APIIntegrationTest] [GetUsers] Running testcase with variable venom.testsuite.filename: testsuite.yml
Aug 28 09:18:40.824 [INFO] [APIIntegrationTest] [GetUsers] Step #0 content is: {"assertions":["result.statuscode ShouldEqual 200","result.bodyjson ShouldBeArray","result.bodyjson.users[0] ShouldContainKey id","result.bodyjson.users[0] ShouldContainKey firstname","result.bodyjson.users[0].id ShouldBeNumber","result.bodyjson.users[0].firstname ShouldBeString"],"headers":{"Accept":"application/json","Content-Type":"application/json"},"method":"GET","type":"http","url":"http://localhost:8080/users"}
Aug 28 09:18:40.839 [DEBU] [APIIntegrationTest] [GetUsers] [http] result of runTestStepExecutor: {TimeSeconds:0.014425192 StatusCode:200 Request:{Method:GET URL:http://localhost:8080/users Header:map[Accept:[application/json] Content-Type:[application/json]] Body: Form:map[] PostForm:map[]} Body:[{"ID":1,"Jobtitle":"","Firstname":"Anne","Lastname":"Ungurean","Email":"anne_ungurean@yahoo.com","Phone":"","Address":"","City":"","Country":"","Postalcode":"","Dateofbirth":"","Nationality":"","Summary":"","Workexperience":"","Education":"","Skills":"","Languages":""}]
 BodyJSON:[map[Address: City: Country: Dateofbirth: Education: Email:anne_ungurean@yahoo.com Firstname:Anne ID:1 Jobtitle: Languages: Lastname:Ungurean Nationality: Phone: Postalcode: Skills: Summary: Workexperience:]] Headers:map[Content-Length:272 Content-Type:application/json Date:Wed, 28 Aug 2024 06:18:40 GMT] Err:}
Aug 28 09:18:40.841 [ERRO] [APIIntegrationTest] [GetUsers] Errors: 
Aug 28 09:18:40.841 [ERRO] [APIIntegrationTest] [GetUsers] [33mTestcase "GetUsers", step #0-0: Assertion "result.bodyjson.users[0] ShouldContainKey id" failed. unable to cast <nil> of type <nil> to map[string]interface{} (testsuite.yml:18)[0m
Aug 28 09:18:40.841 [ERRO] [APIIntegrationTest] [GetUsers] [33mTestcase "GetUsers", step #0-0: Assertion "result.bodyjson.users[0] ShouldContainKey firstname" failed. unable to cast <nil> of type <nil> to map[string]interface{} (testsuite.yml:19)[0m
Aug 28 09:18:40.841 [ERRO] [APIIntegrationTest] [GetUsers] [33mTestcase "GetUsers", step #0-0: Assertion "result.bodyjson.users[0].id ShouldBeNumber" failed. assertion not supported (testsuite.yml:20)[0m
Aug 28 09:18:40.841 [ERRO] [APIIntegrationTest] [GetUsers] [33mTestcase "GetUsers", step #0-0: Assertion "result.bodyjson.users[0].firstname ShouldBeString" failed. assertion not supported (testsuite.yml:21)[0m
Aug 28 09:18:40.841 [INFO] [APIIntegrationTest] [GetUsers] Ending testcase
Aug 28 09:18:40.841 [INFO] [APIIntegrationTest] Ending testsuite
Aug 28 09:18:40.841 [DEBU] final status: FAIL
